[debug] [2025-02-05T21:23:35.050Z] ----------------------------------------------------------------------
[debug] [2025-02-05T21:23:35.051Z] Command:       /Users/sudea/.nvm/versions/node/v22.13.1/bin/node /Users/sudea/.nvm/versions/node/v22.13.1/bin/firebase init
[debug] [2025-02-05T21:23:35.051Z] CLI Version:   13.30.0
[debug] [2025-02-05T21:23:35.051Z] Platform:      darwin
[debug] [2025-02-05T21:23:35.051Z] Node Version:  v22.13.1
[debug] [2025-02-05T21:23:35.052Z] Time:          Wed Feb 05 2025 13:23:35 GMT-0800 (Pacific Standard Time)
[debug] [2025-02-05T21:23:35.052Z] ----------------------------------------------------------------------
[debug] 
[debug] [2025-02-05T21:23:35.054Z] > command requires scopes: ["email","openid","https://www.googleapis.com/auth/cloudplatformprojects.readonly","https://www.googleapis.com/auth/firebase","https://www.googleapis.com/auth/cloud-platform"]
[debug] [2025-02-05T21:23:35.055Z] > authorizing via signed-in user (sudealmus@gmail.com)
[info] 
     ######## #### ########  ######## ########     ###     ######  ########
     ##        ##  ##     ## ##       ##     ##  ##   ##  ##       ##
     ######    ##  ########  ######   ########  #########  ######  ######
     ##        ##  ##    ##  ##       ##     ## ##     ##       ## ##
     ##       #### ##     ## ######## ########  ##     ##  ######  ########

You're about to initialize a Firebase project in this directory:

  /Users/sudea/Desktop/pastport

[debug] [2025-02-05T21:24:23.436Z] ----------------------------------------------------------------------
[debug] [2025-02-05T21:24:23.437Z] Command:       /Users/sudea/.nvm/versions/node/v22.13.1/bin/node /Users/sudea/.nvm/versions/node/v22.13.1/bin/firebase init hosting
[debug] [2025-02-05T21:24:23.437Z] CLI Version:   13.30.0
[debug] [2025-02-05T21:24:23.437Z] Platform:      darwin
[debug] [2025-02-05T21:24:23.437Z] Node Version:  v22.13.1
[debug] [2025-02-05T21:24:23.438Z] Time:          Wed Feb 05 2025 13:24:23 GMT-0800 (Pacific Standard Time)
[debug] [2025-02-05T21:24:23.438Z] ----------------------------------------------------------------------
[debug] 
[debug] [2025-02-05T21:24:23.440Z] > command requires scopes: ["email","openid","https://www.googleapis.com/auth/cloudplatformprojects.readonly","https://www.googleapis.com/auth/firebase","https://www.googleapis.com/auth/cloud-platform"]
[debug] [2025-02-05T21:24:23.440Z] > authorizing via signed-in user (sudealmus@gmail.com)
[info] 
     ######## #### ########  ######## ########     ###     ######  ########
     ##        ##  ##     ## ##       ##     ##  ##   ##  ##       ##
     ######    ##  ########  ######   ########  #########  ######  ######
     ##        ##  ##    ##  ##       ##     ## ##     ##       ## ##
     ##       #### ##     ## ######## ########  ##     ##  ######  ########

You're about to initialize a Firebase project in this directory:

  /Users/sudea/Desktop/pastport

[info] 
=== Project Setup
[info] 
[info] First, let's associate this project directory with a Firebase project.
[info] You can create multiple project aliases by running firebase use --add, 
[info] but for now we'll just set up a default project.
[info] 
[debug] [2025-02-05T21:24:25.816Z] Checked if tokens are valid: true, expires at: 1738794182089
[debug] [2025-02-05T21:24:25.817Z] Checked if tokens are valid: true, expires at: 1738794182089
[debug] [2025-02-05T21:24:25.818Z] >>> [apiv2][query] GET https://firebase.googleapis.com/v1beta1/projects pageSize=100
[debug] [2025-02-05T21:24:26.099Z] <<< [apiv2][status] GET https://firebase.googleapis.com/v1beta1/projects 200
[debug] [2025-02-05T21:24:26.099Z] <<< [apiv2][body] GET https://firebase.googleapis.com/v1beta1/projects [omitted]
[info] i  Using project pastport-6efa4 (pastport) 
[info] 
=== Hosting Setup
[debug] [2025-02-05T21:24:27.419Z] Checked if tokens are valid: true, expires at: 1738794182089
[debug] [2025-02-05T21:24:27.420Z] Checked if tokens are valid: true, expires at: 1738794182089
[debug] [2025-02-05T21:24:27.420Z] >>> [apiv2][query] GET https://firebase.googleapis.com/v1beta1/projects/pastport-6efa4 [none]
[debug] [2025-02-05T21:24:27.536Z] <<< [apiv2][status] GET https://firebase.googleapis.com/v1beta1/projects/pastport-6efa4 200
[debug] [2025-02-05T21:24:27.537Z] <<< [apiv2][body] GET https://firebase.googleapis.com/v1beta1/projects/pastport-6efa4 {"projectId":"pastport-6efa4","projectNumber":"461365913234","displayName":"pastport","name":"projects/pastport-6efa4","resources":{"hostingSite":"pastport-6efa4"},"state":"ACTIVE","etag":"1_3c3e76f9-e437-44b5-b34c-76c3387151cf"}
[info] 
[info] Your public directory is the folder (relative to your project directory) that
[info] will contain Hosting assets to be uploaded with firebase deploy. If you
[info] have a build process for your assets, use your build's output directory.
[info] 
